<?xml version="1.0" encoding="UTF-8"?>
<testng-results skipped="0" failed="0" ignored="0" total="6" passed="6">
  <reporter-output>
  </reporter-output>
  <suite name="com.tests.IndexTest" duration-ms="10238" started-at="2022-04-05T07:29:03Z" finished-at="2022-04-05T07:29:13Z">
    <groups>
    </groups>
    <test name="Command line test" duration-ms="10238" started-at="2022-04-05T07:29:03Z" finished-at="2022-04-05T07:29:13Z">
      <class name="com.tests.IndexTest">
        <test-method status="PASS" signature="initialization()[pri:0, instance:com.tests.IndexTest@13f5a29]" name="initialization" is-config="true" duration-ms="6375" started-at="2022-04-05T07:29:03Z" finished-at="2022-04-05T07:29:10Z">
          <reporter-output>
          </reporter-output>
        </test-method> <!-- initialization -->
        <test-method status="PASS" signature="index_Test1()[pri:0, instance:com.tests.IndexTest@13f5a29]" name="index_Test1" duration-ms="381" started-at="2022-04-05T07:29:10Z" finished-at="2022-04-05T07:29:10Z">
          <reporter-output>
          </reporter-output>
        </test-method> <!-- index_Test1 -->
        <test-method status="PASS" signature="tearDown(org.testng.ITestResult)[pri:0, instance:com.tests.IndexTest@13f5a29]" name="tearDown" is-config="true" duration-ms="2" started-at="2022-04-05T07:29:10Z" finished-at="2022-04-05T07:29:10Z">
          <params>
            <param index="0">
              <value>
                <![CDATA[[TestResult name=index_Test1 status=SUCCESS method=IndexTest.index_Test1()[pri:0, instance:com.tests.IndexTest@13f5a29] output={null}]]]>
              </value>
            </param>
          </params>
          <reporter-output>
          </reporter-output>
        </test-method> <!-- tearDown -->
        <test-method status="PASS" signature="index_Test2()[pri:1, instance:com.tests.IndexTest@13f5a29]" name="index_Test2" duration-ms="84" started-at="2022-04-05T07:29:10Z" finished-at="2022-04-05T07:29:10Z">
          <reporter-output>
          </reporter-output>
        </test-method> <!-- index_Test2 -->
        <test-method status="PASS" signature="tearDown(org.testng.ITestResult)[pri:0, instance:com.tests.IndexTest@13f5a29]" name="tearDown" is-config="true" duration-ms="0" started-at="2022-04-05T07:29:10Z" finished-at="2022-04-05T07:29:10Z">
          <params>
            <param index="0">
              <value>
                <![CDATA[[TestResult name=index_Test2 status=SUCCESS method=IndexTest.index_Test2()[pri:1, instance:com.tests.IndexTest@13f5a29] output={null}]]]>
              </value>
            </param>
          </params>
          <reporter-output>
          </reporter-output>
        </test-method> <!-- tearDown -->
        <test-method status="PASS" signature="index_Test3()[pri:2, instance:com.tests.IndexTest@13f5a29]" name="index_Test3" duration-ms="233" started-at="2022-04-05T07:29:10Z" finished-at="2022-04-05T07:29:10Z">
          <reporter-output>
          </reporter-output>
        </test-method> <!-- index_Test3 -->
        <test-method status="PASS" signature="tearDown(org.testng.ITestResult)[pri:0, instance:com.tests.IndexTest@13f5a29]" name="tearDown" is-config="true" duration-ms="1" started-at="2022-04-05T07:29:10Z" finished-at="2022-04-05T07:29:10Z">
          <params>
            <param index="0">
              <value>
                <![CDATA[[TestResult name=index_Test3 status=SUCCESS method=IndexTest.index_Test3()[pri:2, instance:com.tests.IndexTest@13f5a29] output={null}]]]>
              </value>
            </param>
          </params>
          <reporter-output>
          </reporter-output>
        </test-method> <!-- tearDown -->
        <test-method status="PASS" signature="index_Test4()[pri:3, instance:com.tests.IndexTest@13f5a29]" name="index_Test4" duration-ms="64" started-at="2022-04-05T07:29:10Z" finished-at="2022-04-05T07:29:10Z">
          <reporter-output>
          </reporter-output>
        </test-method> <!-- index_Test4 -->
        <test-method status="PASS" signature="tearDown(org.testng.ITestResult)[pri:0, instance:com.tests.IndexTest@13f5a29]" name="tearDown" is-config="true" duration-ms="0" started-at="2022-04-05T07:29:10Z" finished-at="2022-04-05T07:29:10Z">
          <params>
            <param index="0">
              <value>
                <![CDATA[[TestResult name=index_Test4 status=SUCCESS method=IndexTest.index_Test4()[pri:3, instance:com.tests.IndexTest@13f5a29] output={null}]]]>
              </value>
            </param>
          </params>
          <reporter-output>
          </reporter-output>
        </test-method> <!-- tearDown -->
        <test-method status="PASS" signature="index_Test5()[pri:4, instance:com.tests.IndexTest@13f5a29]" name="index_Test5" duration-ms="1957" started-at="2022-04-05T07:29:10Z" finished-at="2022-04-05T07:29:12Z">
          <reporter-output>
          </reporter-output>
        </test-method> <!-- index_Test5 -->
        <test-method status="PASS" signature="tearDown(org.testng.ITestResult)[pri:0, instance:com.tests.IndexTest@13f5a29]" name="tearDown" is-config="true" duration-ms="1" started-at="2022-04-05T07:29:12Z" finished-at="2022-04-05T07:29:12Z">
          <params>
            <param index="0">
              <value>
                <![CDATA[[TestResult name=index_Test5 status=SUCCESS method=IndexTest.index_Test5()[pri:4, instance:com.tests.IndexTest@13f5a29] output={null}]]]>
              </value>
            </param>
          </params>
          <reporter-output>
          </reporter-output>
        </test-method> <!-- tearDown -->
        <test-method status="PASS" signature="index_Test6()[pri:5, instance:com.tests.IndexTest@13f5a29]" name="index_Test6" duration-ms="275" started-at="2022-04-05T07:29:12Z" finished-at="2022-04-05T07:29:13Z">
          <reporter-output>
          </reporter-output>
        </test-method> <!-- index_Test6 -->
        <test-method status="PASS" signature="tearDown(org.testng.ITestResult)[pri:0, instance:com.tests.IndexTest@13f5a29]" name="tearDown" is-config="true" duration-ms="0" started-at="2022-04-05T07:29:13Z" finished-at="2022-04-05T07:29:13Z">
          <params>
            <param index="0">
              <value>
                <![CDATA[[TestResult name=index_Test6 status=SUCCESS method=IndexTest.index_Test6()[pri:5, instance:com.tests.IndexTest@13f5a29] output={null}]]]>
              </value>
            </param>
          </params>
          <reporter-output>
          </reporter-output>
        </test-method> <!-- tearDown -->
        <test-method status="PASS" signature="quit()[pri:0, instance:com.tests.IndexTest@13f5a29]" name="quit" is-config="true" duration-ms="840" started-at="2022-04-05T07:29:13Z" finished-at="2022-04-05T07:29:13Z">
          <reporter-output>
          </reporter-output>
        </test-method> <!-- quit -->
      </class> <!-- com.tests.IndexTest -->
    </test> <!-- Command line test -->
  </suite> <!-- com.tests.IndexTest -->
</testng-results>
