<?xml version="1.0" encoding="UTF-8"?>
<!-- Generated by org.testng.reporters.JUnitXMLReporter -->
<testsuite hostname="DESKTOP-FID49DI" ignored="0" name="Command line test" tests="6" failures="0" timestamp="05 Apr 2022 07:29:13 GMT" time="10.238" errors="0">
  <testcase name="index_Test1" time="0.381" classname="com.tests.IndexTest"/>
  <testcase name="index_Test2" time="0.084" classname="com.tests.IndexTest"/>
  <testcase name="index_Test3" time="0.233" classname="com.tests.IndexTest"/>
  <testcase name="index_Test4" time="0.064" classname="com.tests.IndexTest"/>
  <testcase name="index_Test5" time="1.957" classname="com.tests.IndexTest"/>
  <testcase name="index_Test6" time="0.275" classname="com.tests.IndexTest"/>
</testsuite> <!-- Command line test -->
